<?xml version="1.0" encoding="UTF-8"?>
<testng-results ignored="0" total="1" passed="1" failed="0" skipped="0">
  <reporter-output>
  </reporter-output>
  <suite started-at="2024-10-28T22:29:29 AEDT" name="Surefire suite" finished-at="2024-10-28T22:29:34 AEDT" duration-ms="5279">
    <groups>
    </groups>
    <test started-at="2024-10-28T22:29:29 AEDT" name="Surefire test" finished-at="2024-10-28T22:29:34 AEDT" duration-ms="5279">
      <class name="testCases.FirstTest">
        <test-method is-config="true" signature="setup()[pri:0, instance:testCases.FirstTest@57250572]" started-at="2024-10-28T22:29:29 AEDT" name="setup" finished-at="2024-10-28T22:29:31 AEDT" duration-ms="1985" status="PASS">
          <reporter-output>
          </reporter-output>
        </test-method> <!-- setup -->
        <test-method signature="Login()[pri:0, instance:testCases.FirstTest@57250572]" started-at="2024-10-28T22:29:31 AEDT" name="Login" finished-at="2024-10-28T22:29:33 AEDT" duration-ms="2810" status="PASS">
          <reporter-output>
          </reporter-output>
        </test-method> <!-- Login -->
        <test-method is-config="true" signature="teardown()[pri:0, instance:testCases.FirstTest@57250572]" started-at="2024-10-28T22:29:33 AEDT" name="teardown" finished-at="2024-10-28T22:29:34 AEDT" duration-ms="437" status="PASS">
          <reporter-output>
          </reporter-output>
        </test-method> <!-- teardown -->
      </class> <!-- testCases.FirstTest -->
    </test> <!-- Surefire test -->
  </suite> <!-- Surefire suite -->
</testng-results>
